2022/12/26 17:18:12 [notice] 1#1: using the "epoll" event method
2022/12/26 17:18:12 [notice] 1#1: nginx/1.23.1
2022/12/26 17:18:12 [notice] 1#1: built by gcc 10.2.1 20210110 (Debian 10.2.1-6) 
2022/12/26 17:18:12 [notice] 1#1: OS: Linux 5.15.0-56-generic
2022/12/26 17:18:12 [notice] 1#1: getrlimit(RLIMIT_NOFILE): 1048576:1048576
2022/12/26 17:18:12 [notice] 1#1: start worker processes
2022/12/26 17:18:12 [notice] 1#1: start worker process 33
2022/12/26 17:18:12 [notice] 1#1: start worker process 34
2022/12/26 17:18:12 [notice] 1#1: start worker process 35
2022/12/26 17:18:12 [notice] 1#1: start worker process 36
2022/12/26 17:18:27 [error] 33#33: *1 open() "/usr/share/nginx/html/favicon.ico" failed (2: No such file or directory), client: 172.19.0.1, server: localhost, request: "GET /favicon.ico HTTP/1.1", host: "127.0.0.1:8080", referrer: "http://127.0.0.1:8080/"
2022/12/26 17:21:05 [notice] 1#1: signal 3 (SIGQUIT) received, shutting down
2022/12/26 17:21:05 [notice] 33#33: gracefully shutting down
2022/12/26 17:21:05 [notice] 34#34: gracefully shutting down
2022/12/26 17:21:05 [notice] 33#33: exiting
2022/12/26 17:21:05 [notice] 34#34: exiting
2022/12/26 17:21:05 [notice] 34#34: exit
2022/12/26 17:21:05 [notice] 33#33: exit
2022/12/26 17:21:05 [notice] 35#35: gracefully shutting down
2022/12/26 17:21:05 [notice] 35#35: exiting
2022/12/26 17:21:05 [notice] 35#35: exit
2022/12/26 17:21:05 [notice] 36#36: gracefully shutting down
2022/12/26 17:21:05 [notice] 36#36: exiting
2022/12/26 17:21:05 [notice] 36#36: exit
2022/12/26 17:21:05 [notice] 1#1: signal 17 (SIGCHLD) received from 34
2022/12/26 17:21:05 [notice] 1#1: worker process 34 exited with code 0
2022/12/26 17:21:05 [notice] 1#1: signal 29 (SIGIO) received
2022/12/26 17:21:05 [notice] 1#1: signal 17 (SIGCHLD) received from 35
2022/12/26 17:21:05 [notice] 1#1: worker process 35 exited with code 0
2022/12/26 17:21:05 [notice] 1#1: signal 29 (SIGIO) received
2022/12/26 17:21:05 [notice] 1#1: signal 17 (SIGCHLD) received from 36
2022/12/26 17:21:05 [notice] 1#1: worker process 33 exited with code 0
2022/12/26 17:21:05 [notice] 1#1: worker process 36 exited with code 0
2022/12/26 17:21:05 [notice] 1#1: exit
2022/12/26 17:21:10 [warn] 1#1: conflicting server name "localhost" on 0.0.0.0:80, ignored
2022/12/26 17:21:10 [notice] 1#1: using the "epoll" event method
2022/12/26 17:21:10 [notice] 1#1: nginx/1.23.1
2022/12/26 17:21:10 [notice] 1#1: built by gcc 10.2.1 20210110 (Debian 10.2.1-6) 
2022/12/26 17:21:10 [notice] 1#1: OS: Linux 5.15.0-56-generic
2022/12/26 17:21:10 [notice] 1#1: getrlimit(RLIMIT_NOFILE): 1048576:1048576
2022/12/26 17:21:10 [notice] 1#1: start worker processes
2022/12/26 17:21:10 [notice] 1#1: start worker process 31
2022/12/26 17:21:10 [notice] 1#1: start worker process 32
2022/12/26 17:21:10 [notice] 1#1: start worker process 33
2022/12/26 17:21:10 [notice] 1#1: start worker process 34
2022/12/26 17:21:18 [error] 31#31: *1 open() "/usr/share/nginx/html/favicon.ico" failed (2: No such file or directory), client: 172.19.0.1, server: localhost, request: "GET /favicon.ico HTTP/1.1", host: "127.0.0.1:8080", referrer: "http://127.0.0.1:8080/"
2022/12/26 17:21:18 [error] 31#31: *1 open() "/usr/share/nginx/html/favicon.ico" failed (2: No such file or directory), client: 172.19.0.1, server: localhost, request: "GET /favicon.ico HTTP/1.1", host: "127.0.0.1:8080", referrer: "http://127.0.0.1:8080/"
2022/12/26 17:21:19 [error] 31#31: *1 open() "/usr/share/nginx/html/favicon.ico" failed (2: No such file or directory), client: 172.19.0.1, server: localhost, request: "GET /favicon.ico HTTP/1.1", host: "127.0.0.1:8080", referrer: "http://127.0.0.1:8080/"
2022/12/26 17:23:46 [notice] 1#1: signal 3 (SIGQUIT) received, shutting down
2022/12/26 17:23:46 [notice] 31#31: gracefully shutting down
2022/12/26 17:23:46 [notice] 33#33: gracefully shutting down
2022/12/26 17:23:46 [notice] 32#32: gracefully shutting down
2022/12/26 17:23:46 [notice] 31#31: exiting
2022/12/26 17:23:46 [notice] 32#32: exiting
2022/12/26 17:23:46 [notice] 33#33: exiting
2022/12/26 17:23:46 [notice] 31#31: exit
2022/12/26 17:23:46 [notice] 32#32: exit
2022/12/26 17:23:46 [notice] 33#33: exit
2022/12/26 17:23:46 [notice] 34#34: gracefully shutting down
2022/12/26 17:23:46 [notice] 34#34: exiting
2022/12/26 17:23:46 [notice] 34#34: exit
2022/12/26 17:23:46 [notice] 1#1: signal 17 (SIGCHLD) received from 33
2022/12/26 17:23:46 [notice] 1#1: worker process 33 exited with code 0
2022/12/26 17:23:46 [notice] 1#1: signal 29 (SIGIO) received
2022/12/26 17:23:46 [notice] 1#1: signal 17 (SIGCHLD) received from 31
2022/12/26 17:23:46 [notice] 1#1: worker process 31 exited with code 0
2022/12/26 17:23:46 [notice] 1#1: signal 29 (SIGIO) received
2022/12/26 17:23:46 [notice] 1#1: signal 17 (SIGCHLD) received from 34
2022/12/26 17:23:46 [notice] 1#1: worker process 32 exited with code 0
2022/12/26 17:23:46 [notice] 1#1: worker process 34 exited with code 0
2022/12/26 17:23:46 [notice] 1#1: exit
2022/12/26 17:23:59 [notice] 1#1: using the "epoll" event method
2022/12/26 17:23:59 [notice] 1#1: nginx/1.23.1
2022/12/26 17:23:59 [notice] 1#1: built by gcc 10.2.1 20210110 (Debian 10.2.1-6) 
2022/12/26 17:23:59 [notice] 1#1: OS: Linux 5.15.0-56-generic
2022/12/26 17:23:59 [notice] 1#1: getrlimit(RLIMIT_NOFILE): 1048576:1048576
2022/12/26 17:23:59 [notice] 1#1: start worker processes
2022/12/26 17:23:59 [notice] 1#1: start worker process 31
2022/12/26 17:23:59 [notice] 1#1: start worker process 32
2022/12/26 17:23:59 [notice] 1#1: start worker process 33
2022/12/26 17:23:59 [notice] 1#1: start worker process 34
2022/12/26 17:24:05 [error] 31#31: *1 FastCGI sent in stderr: "PHP message: PHP Warning:  require(/var/www/html/public/../vendor/autoload.php): Failed to open stream: No such file or directory in /var/www/html/public/index.php on line 34PHP message: PHP Fatal error:  Uncaught Error: Failed opening required '/var/www/html/public/../vendor/autoload.php' (include_path='.:/usr/local/lib/php') in /var/www/html/public/index.php:34
Stack trace:
#0 {main}
  thrown in /var/www/html/public/index.php on line 34" while reading response header from upstream, client: 172.19.0.1, server: localhost, request: "GET / HTTP/1.1", upstream: "fastcgi://172.19.0.4:9000", host: "127.0.0.1:8080"
2022/12/26 17:32:01 [notice] 1#1: signal 3 (SIGQUIT) received, shutting down
2022/12/26 17:32:01 [notice] 31#31: gracefully shutting down
2022/12/26 17:32:01 [notice] 33#33: gracefully shutting down
2022/12/26 17:32:01 [notice] 34#34: gracefully shutting down
2022/12/26 17:32:01 [notice] 31#31: exiting
2022/12/26 17:32:01 [notice] 34#34: exiting
2022/12/26 17:32:01 [notice] 33#33: exiting
2022/12/26 17:32:01 [notice] 31#31: exit
2022/12/26 17:32:01 [notice] 34#34: exit
2022/12/26 17:32:01 [notice] 33#33: exit
2022/12/26 17:32:01 [notice] 32#32: gracefully shutting down
2022/12/26 17:32:01 [notice] 32#32: exiting
2022/12/26 17:32:01 [notice] 32#32: exit
2022/12/26 17:32:01 [notice] 1#1: signal 17 (SIGCHLD) received from 33
2022/12/26 17:32:01 [notice] 1#1: worker process 33 exited with code 0
2022/12/26 17:32:01 [notice] 1#1: signal 29 (SIGIO) received
2022/12/26 17:32:01 [notice] 1#1: signal 17 (SIGCHLD) received from 34
2022/12/26 17:32:01 [notice] 1#1: worker process 32 exited with code 0
2022/12/26 17:32:01 [notice] 1#1: worker process 34 exited with code 0
2022/12/26 17:32:01 [notice] 1#1: signal 29 (SIGIO) received
2022/12/26 17:32:01 [notice] 1#1: signal 17 (SIGCHLD) received from 31
2022/12/26 17:32:01 [notice] 1#1: worker process 31 exited with code 0
2022/12/26 17:32:01 [notice] 1#1: exit
2022/12/26 17:32:13 [notice] 1#1: using the "epoll" event method
2022/12/26 17:32:13 [notice] 1#1: nginx/1.23.1
2022/12/26 17:32:13 [notice] 1#1: built by gcc 10.2.1 20210110 (Debian 10.2.1-6) 
2022/12/26 17:32:13 [notice] 1#1: OS: Linux 5.15.0-56-generic
2022/12/26 17:32:13 [notice] 1#1: getrlimit(RLIMIT_NOFILE): 1048576:1048576
2022/12/26 17:32:13 [notice] 1#1: start worker processes
2022/12/26 17:32:13 [notice] 1#1: start worker process 32
2022/12/26 17:32:13 [notice] 1#1: start worker process 33
2022/12/26 17:32:13 [notice] 1#1: start worker process 34
2022/12/26 17:32:13 [notice] 1#1: start worker process 35
2022/12/26 17:33:50 [notice] 1#1: signal 3 (SIGQUIT) received, shutting down
2022/12/26 17:33:50 [notice] 32#32: gracefully shutting down
2022/12/26 17:33:50 [notice] 35#35: gracefully shutting down
2022/12/26 17:33:50 [notice] 34#34: gracefully shutting down
2022/12/26 17:33:50 [notice] 33#33: gracefully shutting down
2022/12/26 17:33:50 [notice] 35#35: exiting
2022/12/26 17:33:50 [notice] 34#34: exiting
2022/12/26 17:33:50 [notice] 32#32: exiting
2022/12/26 17:33:50 [notice] 33#33: exiting
2022/12/26 17:33:50 [notice] 32#32: exit
2022/12/26 17:33:50 [notice] 34#34: exit
2022/12/26 17:33:50 [notice] 35#35: exit
2022/12/26 17:33:50 [notice] 33#33: exit
2022/12/26 17:33:50 [notice] 1#1: signal 17 (SIGCHLD) received from 32
2022/12/26 17:33:50 [notice] 1#1: worker process 32 exited with code 0
2022/12/26 17:33:50 [notice] 1#1: worker process 33 exited with code 0
2022/12/26 17:33:50 [notice] 1#1: worker process 34 exited with code 0
2022/12/26 17:33:50 [notice] 1#1: signal 29 (SIGIO) received
2022/12/26 17:33:50 [notice] 1#1: signal 17 (SIGCHLD) received from 33
2022/12/26 17:33:50 [notice] 1#1: signal 17 (SIGCHLD) received from 35
2022/12/26 17:33:50 [notice] 1#1: worker process 35 exited with code 0
2022/12/26 17:33:50 [notice] 1#1: exit
